<?xml version="1.0" encoding="UTF-8"?>
<!-- Generated by org.testng.reporters.JUnitXMLReporter -->
<testsuite hostname="Ravi-PC" name="Test" tests="3" failures="1" timestamp="15 Nov 2019 10:23:49 GMT" time="0.126" errors="0">
  <testcase name="abalidatecustomerTest" time="0.05" classname="com.Framework.moven_moduleTest.CreateTest"/>
  <testcase name="avalidatecustomerTest" time="0.002" classname="com.Framework.moven_moduleTest.CreateTest"/>
  <testcase name="avalidatecustomeraTest" time="0.008" classname="com.Framework.moven_moduleTest.CreateTest">
    <failure type="java.lang.AssertionError" message="expected [ravi] but found [Ravi]">
      <![CDATA[java.lang.AssertionError: expected [ravi] but found [Ravi]
	at com.Framework.moven_moduleTest.CreateTest.avalidatecustomeraTest(CreateTest.java:11)
... Removed 30 stack frames]]>
    </failure>
  </testcase> <!-- avalidatecustomeraTest -->
</testsuite> <!-- Test -->
